Iteration	Posterior	Likelihood	Prior	rate_log_sd	tree_length
0	-1303.732	-1518.431	214.699	0.5821672	4.085726
6	-1298.28	-1513.828	215.5482	0.6269339	3.571462
12	-1306.256	-1520.813	214.5566	0.580878	4.167482
18	-1315.207	-1529.267	214.0596	0.6936921	4.385008
24	-1322.334	-1536.791	214.4569	0.7813018	4.110203
30	-1331.277	-1547.462	216.1845	0.9543661	3.002921
36	-1314.559	-1528.877	214.3182	0.7515746	4.20592
42	-1309.15	-1523.721	214.5709	0.5936283	4.152079
48	-1327.124	-1540.809	213.6849	0.5701349	4.665114
54	-1319.837	-1534.65	214.8129	0.752881	3.923115
60	-1326.188	-1541.015	214.8261	0.7396921	3.923115
66	-1321.671	-1535.9	214.2283	0.5931542	4.346508
72	-1324.288	-1540.426	216.1379	0.8926325	3.067797
78	-1319.649	-1534.35	214.7013	0.8607233	3.925275
84	-1338.079	-1553.264	215.1847	0.7509122	3.710335
90	-1310.91	-1525.313	214.4031	0.6554608	4.212303
96	-1303.235	-1518.148	214.913	0.7428997	3.871401
102	-1308.848	-1523.821	214.973	0.6970606	3.863302
108	-1301.235	-1516.332	215.0974	0.5179425	3.894725
114	-1307.906	-1522.046	214.14	0.6874224	4.343156
120	-1295.108	-1508.57	213.4622	0.4871795	4.835905
126	-1303.02	-1518.848	215.8284	0.5825392	3.43394
132	-1306.421	-1522.262	215.8405	0.5704605	3.43394
138	-1306.464	-1519.459	212.9951	0.6223095	5.020639
144	-1302.62	-1516.143	213.523	0.4807845	4.805561
150	-1297.857	-1513.206	215.3491	0.7502965	3.615464
156	-1301.896	-1517.625	215.7292	0.8891467	3.312175
162	-1302.216	-1517.706	215.4901	0.823269	3.490939
168	-1299.089	-1513.673	214.5848	0.7039261	4.081428
174	-1318.288	-1533.354	215.0656	0.796632	3.752682
180	-1314.899	-1529.295	214.3958	0.796632	4.136235
186	-1320.864	-1535.033	214.169	0.7495001	4.291634
192	-1304.653	-1519.107	214.4538	0.7284232	4.142036
198	-1297.904	-1513.166	215.2614	0.7784327	3.650006
204	-1313.999	-1528.351	214.3516	0.7211153	4.204262
210	-1306.034	-1521.108	215.0739	0.8824337	3.698321
216	-1298.012	-1513.782	215.7698	0.8682153	3.300606
222	-1296.224	-1512.324	216.0995	1.021137	3.013836
228	-1296.572	-1511.213	214.6406	0.6226106	4.095941
234	-1301.553	-1514.943	213.3898	0.552348	4.839917
240	-1316.171	-1532.309	216.1382	0.9152587	3.054075
246	-1320.262	-1535.859	215.5962	0.7868548	3.450234
252	-1311.335	-1526.228	214.8926	0.8340381	3.830799
258	-1317.867	-1532.83	214.9626	0.7639755	3.830799
264	-1296.306	-1511.831	215.5251	0.6998439	3.542535
270	-1290.071	-1504.067	213.9964	0.6621485	4.43841
276	-1300.679	-1514.784	214.1053	0.5939399	4.415475
282	-1300.771	-1514.753	213.9815	0.7177723	4.415475
288	-1303.034	-1518.195	215.1616	0.7845654	3.704236
294	-1303.732	-1519.382	215.6505	0.8406865	3.386936
300	-1303.723	-1519.07	215.3464	0.9758835	3.485737
306	-1297.425	-1513.481	216.0554	0.8537846	3.140123
312	-1286.758	-1501.679	214.9207	0.7833005	3.843788
318	-1292.982	-1507.711	214.7288	0.7833005	3.953859
324	-1293.576	-1508.381	214.8055	0.8140773	3.892255
330	-1289.117	-1504.528	215.4105	0.8854635	3.501133
336	-1292.457	-1508.415	215.9575	1.055654	3.078164
342	-1294.496	-1511.447	216.9507	1.06156	2.468168
348	-1307.875	-1524.826	216.9507	1.06156	2.468168
354	-1316.712	-1533.989	217.2772	1.188348	2.179314
360	-1305.276	-1522.338	217.0621	1.05282	2.403579
366	-1305.372	-1522.546	217.1735	1.103806	2.300488
372	-1313.125	-1529.125	215.9999	3.335976	0.07780041
378	-1316.808	-1532.817	216.0094	3.312785	0.0765469
384	-1315.322	-1531.331	216.0094	3.312785	0.0765469
390	-1316.721	-1532.736	216.0143	3.312785	0.07699126
396	-1320.107	-1536.121	216.0143	3.312785	0.07699126
402	-1308.354	-1524.455	216.1011	0.8651562	3.106124
408	-1305.261	-1520.374	215.1121	0.8656713	3.685934
414	-1302.776	-1518.529	215.7524	0.8439384	3.325163
420	-1317.331	-1533.631	216.3002	3.197354	0.09456321
426	-1312.079	-1528.337	216.2583	3.197354	0.08983822
432	-1304.213	-1520.389	216.1755	3.241871	0.08575643
438	-1318.418	-1534.472	216.0534	3.241871	0.07415635
444	-1317.087	-1533.628	216.5407	3.054666	0.1068855
450	-1314.704	-1530.677	215.9727	1.092838	3.046839
456	-1310.053	-1526.065	216.012	1.05356	3.046839
462	-1303.926	-1520.447	216.5211	3.054666	0.1042657
468	-1300.683	-1517.151	216.4681	3.054666	0.09756615
474	-1308.029	-1522.178	214.149	0.6792493	4.342685
480	-1308.855	-1523.743	214.8882	0.7235183	3.896786
486	-1310.637	-1524.338	213.7017	0.8876142	4.47745
492	-1310.924	-1524.877	213.9531	0.6361695	4.47745
498	-1308.195	-1522.071	213.8753	0.7854039	4.43721
504	-1300.67	-1517.791	217.1213	2.820153	0.1721523
510	-1289.67	-1507.549	217.8791	2.400714	0.3333308
516	-1297.62	-1515.408	217.7888	2.400714	0.2663682
522	-1296.24	-1513.907	217.6669	2.489594	0.2488479
528	-1293.554	-1511.184	217.6299	2.489594	0.2317191
534	-1298.036	-1515.646	217.6106	2.505835	0.2304131
540	-1304.101	-1521.767	217.6653	2.459244	0.233916
546	-1298.735	-1516.593	217.8587	2.413541	0.3259351
552	-1319.797	-1536.057	216.2597	0.8959535	2.992843
558	-1307.202	-1523.584	216.3816	0.9119511	2.909836
564	-1304.077	-1519.14	215.0621	0.7436155	3.785245
570	-1296.131	-1510.969	214.8377	0.8554481	3.850008
576	-1297.852	-1513.246	215.394	0.6787563	3.630907
582	-1305.923	-1523.71	217.7876	2.462299	0.3067431
588	-1312.131	-1529.787	217.6561	2.462299	0.2312492
594	-1308.057	-1525.788	217.7311	2.462299	0.2686274
600	-1302.678	-1520.362	217.6845	2.462299	0.2441223
606	-1304.541	-1522.331	217.7898	2.4267	0.28277
612	-1318.037	-1534.141	216.1047	1.02213	3.010137
618	-1318.938	-1534.58	215.6427	0.8639785	3.377856
624	-1314.353	-1530.79	216.4374	0.8968961	2.885192
630	-1301.22	-1516.354	215.1344	0.9630411	3.616591
636	-1306.329	-1521.768	215.4383	0.9438378	3.450789
642	-1299.415	-1515.126	215.7108	0.8602567	3.340021
648	-1297.896	-1512.433	214.5373	0.8602567	4.019364
654	-1300.73	-1515.379	214.6496	0.7451042	4.020998
660	-1310.984	-1528.743	217.7584	2.473164	0.2930359
666	-1310.615	-1528.374	217.7584	2.473164	0.2930359
672	-1301.46	-1519.006	217.5462	2.589437	0.2389331
678	-1302.404	-1519.85	217.4462	2.624394	0.2122419
684	-1305.143	-1520.86	215.7169	0.797665	3.373221
690	-1299.724	-1514.569	214.8445	0.951624	3.790769
696	-1309.251	-1524.672	215.4203	1.016547	3.418765
702	-1306.174	-1520.337	214.1626	0.6811795	4.333899
708	-1309.066	-1523.847	214.7808	0.4497445	4.114559
714	-1305.815	-1522.916	217.1012	2.751422	0.150991
720	-1298.982	-1516.083	217.1012	2.751422	0.150991
726	-1298.16	-1515.346	217.1851	2.763104	0.1739501
732	-1301.141	-1518.381	217.2398	2.684357	0.1677156
738	-1311.039	-1528.3	217.2605	2.684357	0.1730435
744	-1312.308	-1528.087	215.779	0.8510269	3.305318
750	-1325.767	-1543.277	217.5102	2.5258	0.2001001
756	-1323.713	-1541.467	217.7544	2.425024	0.2607305
762	-1305.114	-1519.543	214.4297	0.6652369	4.191635
768	-1306.337	-1521.041	214.7039	0.7198228	4.004383
774	-1308.131	-1523.762	215.6309	1.035985	3.2836
780	-1302.242	-1518.093	215.8509	0.9080797	3.229175
786	-1303.701	-1518.03	214.3293	0.7948789	4.175005
792	-1312.2	-1527.749	215.5484	0.7948789	3.473487
798	-1318.241	-1534.385	216.1438	0.8620049	3.082549
804	-1307.774	-1522.662	214.8876	0.8350879	3.833055
810	-1298.603	-1513.503	214.8999	0.8150024	3.837546
816	-1298.154	-1513.904	215.7505	0.8075098	3.347719
822	-1298.875	-1515.095	216.2191	1.021351	2.941841
828	-1304.692	-1520.651	215.9583	0.8157656	3.220254
834	-1319.696	-1534.602	214.9063	0.5829666	3.966919
840	-1313.946	-1527.667	213.7213	0.649662	4.600121
846	-1307.862	-1521.542	213.6808	0.6899346	4.600231
852	-1320.05	-1534.797	214.7467	0.809006	3.92888
858	-1335.245	-1550.72	215.4753	0.9636438	3.41756
864	-1295.57	-1511.379	215.8094	0.8883813	3.265365
870	-1295.948	-1511.905	215.957	0.9155102	3.161913
876	-1295.087	-1510.205	215.1181	0.9135468	3.654776
882	-1295.493	-1511.324	215.8308	0.8264256	3.289297
888	-1304.137	-1518.72	214.5823	0.78549	4.036347
894	-1307.639	-1523.34	215.7008	0.7837891	3.390794
900	-1307.102	-1522.969	215.8676	0.9640156	3.186142
906	-1305.128	-1521.015	215.8872	0.9444688	3.186142
912	-1306.668	-1522.373	215.7052	0.7437232	3.411682
918	-1300.326	-1516.172	215.8459	0.6030445	3.411682
924	-1312.609	-1527.828	215.2186	0.536481	3.814397
930	-1311.09	-1525.967	214.8772	0.8376816	3.837551
936	-1315.837	-1531.567	215.73	0.8373813	3.342209
942	-1312.757	-1528.904	216.1461	1.052327	2.967146
948	-1311.449	-1525.042	213.5932	0.8007726	4.587214
954	-1307.859	-1522.708	214.8486	0.7844751	3.88452
960	-1308.959	-1523.438	214.4796	0.706929	4.139569
966	-1301.334	-1516.911	215.5778	0.731757	3.493219
972	-1304.614	-1519.559	214.9448	0.5978722	3.936366
978	-1309.938	-1524.479	214.5406	0.5699021	4.182825
984	-1307.19	-1521.865	214.6753	0.744264	4.006786
990	-1309.882	-1524.1	214.2179	0.7209501	4.28012
996	-1297.292	-1511.892	214.6002	0.6834565	4.084331
1002	-1288.629	-1503.325	214.6957	0.6581477	4.044284
1008	-1297.163	-1512.041	214.8772	0.7543381	3.885418
1014	-1304.068	-1518.677	214.6087	0.9096688	3.950242
1020	-1300.133	-1514.126	213.9923	0.7140146	4.411491
1026	-1304.061	-1518.868	214.8074	0.7165734	3.947079
1032	-1316.515	-1532.203	215.6886	0.7745734	3.403375
1038	-1314.562	-1530.08	215.5175	0.7634168	3.509872
1044	-1304.589	-1519.818	215.2286	0.7701688	3.673812
1050	-1308.283	-1523.275	214.9921	0.7228342	3.837523
1056	-1304.908	-1520.33	215.4222	0.6794058	3.614196
1062	-1303.732	-1519.51	215.7787	0.90157	3.275668
1068	-1297.993	-1513.404	215.4113	0.90157	3.491241
1074	-1299.877	-1515.235	215.3578	0.8605953	3.546301
1080	-1297.924	-1513.833	215.9095	0.8616901	3.221932
1086	-1297.077	-1513.203	216.1259	0.7820866	3.140833
1092	-1293.534	-1509.925	216.3913	0.9225051	2.897629
1098	-1296.689	-1511.013	214.3243	0.9225051	4.105297
1104	-1297.309	-1513.592	216.2825	1.01453	2.90772
1110	-1289.272	-1505.068	215.7955	0.7623612	3.347784
1116	-1290.529	-1506.178	215.6491	0.9596511	3.317864
1122	-1287.11	-1503.752	216.6423	1.075576	2.651134
1128	-1289.959	-1506.607	216.6485	1.069348	2.651134
1134	-1299.837	-1516.261	216.4237	1.340422	2.622585
1140	-1310.959	-1528.295	217.3357	1.362486	2.02666
1146	-1303.21	-1520.743	217.5331	1.274599	1.953548
1152	-1303.62	-1519.658	216.0382	0.8402728	3.158371
1158	-1295.297	-1510.114	214.8174	0.7770035	3.906706
1164	-1296.937	-1511.832	214.8951	0.6141982	3.955472
1170	-1305.131	-1520.952	215.822	0.8496062	3.280821
1176	-1303.979	-1519.883	215.9045	0.8496062	3.232054
1182	-1305.653	-1521.978	216.3248	0.9999055	2.891039
1188	-1289.865	-1504.586	214.7209	0.7736455	3.963886
1194	-1285.426	-1501.917	216.491	0.9823825	2.800838
1200	-1294.789	-1511.52	216.7305	0.9427349	2.678572
1206	-1293.571	-1509.016	215.4458	0.9504987	3.442492
1212	-1317.607	-1534.189	216.5824	0.8036351	2.853905
1218	-1304.772	-1520.535	215.7635	0.7734567	3.360047
1224	-1305.111	-1519.748	214.6369	0.7692367	4.014416
1230	-1299.113	-1514.593	215.4791	0.6307314	3.609423
1236	-1296.327	-1510.293	213.9653	0.4766202	4.560286
1242	-1294.4	-1507.717	213.3168	0.4328524	4.94715
1248	-1302.027	-1515.895	213.8672	0.7621369	4.454871
1254	-1299.007	-1514.169	215.162	0.8717324	3.65352
1260	-1303.171	-1518.221	215.05	0.9837399	3.65352
1266	-1299.082	-1515.102	216.0196	0.888799	3.140541
1272	-1293.003	-1507.848	214.8444	0.565222	4.012436
1278	-1293.915	-1509.513	215.598	0.6712486	3.516685
1284	-1303.304	-1518.834	215.5303	0.7389227	3.516685
1290	-1299.062	-1513.985	214.9232	0.7535305	3.859488
1296	-1302.192	-1517.361	215.1683	0.7867017	3.699109
1302	-1317.683	-1532.779	215.0952	0.7130255	3.783843
1308	-1317.871	-1532.724	214.8535	0.8223038	3.859964
1314	-1320.979	-1535.284	214.3055	0.7139906	4.234458
1320	-1309.675	-1524.576	214.901	0.7398027	3.880069
1326	-1302.48	-1517.773	215.2931	0.8756417	3.575186
1332	-1302.407	-1517.727	215.3195	0.8756417	3.55986
1338	-1304.302	-1519.336	215.034	0.8589549	3.734952
1344	-1306.752	-1522.352	215.5997	0.7511137	3.469078
1350	-1299.641	-1515.321	215.6796	0.7511137	3.422369
1356	-1314.819	-1529.95	215.1308	0.7410228	3.74716
1362	-1314.643	-1529.692	215.0486	0.8232434	3.74716
1368	-1320.405	-1536.17	215.7654	0.8231342	3.329761
1374	-1300.045	-1514.041	213.9961	0.6170482	4.464025
1380	-1306.113	-1521.433	215.3194	0.5527672	3.746947
1386	-1311.707	-1526.891	215.1838	0.6883934	3.746947
1392	-1309.595	-1522.836	213.241	0.5250208	4.938014
1398	-1313.281	-1527.522	214.2415	0.533214	4.372894
1404	-1308.897	-1523.418	214.5204	0.7334167	4.101313
1410	-1297.118	-1511.739	214.6207	0.6330788	4.101313
1416	-1298.531	-1511.99	213.459	0.478511	4.842527
1422	-1295.513	-1509.487	213.974	0.5937721	4.489567
1428	-1291.535	-1505.491	213.9564	0.6458467	4.470159
1434	-1300.642	-1517.109	216.4666	0.8070051	2.921843
1440	-1288.147	-1503.833	215.6868	0.8189526	3.37836
1446	-1295.721	-1510.975	215.2544	0.768213	3.659956
1452	-1290.194	-1506.93	216.736	0.9667293	2.660453
1458	-1292.946	-1508.278	215.3313	0.7193451	3.643771
1464	-1299.575	-1514.699	215.1239	0.6989282	3.775406
1470	-1294.382	-1509.631	215.2487	0.6398296	3.737482
1476	-1304.216	-1519.673	215.4569	0.8666101	3.485032
1482	-1306.954	-1522.669	215.7149	0.6136162	3.482149
1488	-1306.336	-1520.358	214.0224	0.5369757	4.4943
1494	-1303.132	-1518.838	215.7061	0.6344807	3.475062
1500	-1323.886	-1538.85	214.964	0.6600345	3.889718
1506	-1316.184	-1531.763	215.579	0.6037622	3.567037
1512	-1320.341	-1535.93	215.5885	0.7485857	3.477138
1518	-1304.537	-1518.931	214.3934	0.7748074	4.150012
1524	-1307.409	-1522.511	215.1018	0.8187596	3.719038
1530	-1315.702	-1530.338	214.6368	0.8605777	3.962297
1536	-1319.449	-1533.063	213.6136	0.6581048	4.655759
1542	-1306.798	-1521.203	214.4055	0.8448196	4.103294
1548	-1314.556	-1529.367	214.8109	0.6885452	3.961125
1554	-1308.391	-1523.197	214.8061	0.7057454	3.953999
1560	-1300.318	-1514.659	214.3415	0.5888407	4.284921
1566	-1306.087	-1521.22	215.1328	0.6529475	3.796756
1572	-1305.933	-1520.852	214.9189	0.7329637	3.873717
1578	-1302.953	-1518.48	215.5269	0.5058563	3.654114
1584	-1306.091	-1520.936	214.8443	0.662943	3.956646
1590	-1306.361	-1522.197	215.8358	0.772116	3.318354
1596	-1299.861	-1515.159	215.2983	0.6620609	3.696007
1602	-1331.14	-1544.489	213.3498	0.6934492	4.783513
1608	-1326.269	-1540.763	214.4941	0.7158729	4.126279
1614	-1311.115	-1526.17	215.0547	0.8187671	3.746198
1620	-1304.844	-1521.099	216.2546	0.8409883	3.028831
1626	-1299.89	-1515.343	215.4531	0.9369993	3.446135
1632	-1299.511	-1512.893	213.3822	0.6390725	4.795775
1638	-1300.593	-1513.844	213.251	0.7703309	4.795775
1644	-1296.391	-1511.3	214.9088	0.9015335	3.782625
1650	-1302.687	-1518.747	216.0598	1.064704	3.011514
1656	-1315.089	-1532.282	217.193	0.9662127	2.375601
1662	-1321.931	-1536.706	214.7754	0.8414505	3.893847
1668	-1317.416	-1532.285	214.8687	0.7551547	3.889815
1674	-1308.677	-1523.861	215.1841	0.838743	3.659877
1680	-1313.744	-1530.337	216.5925	0.9685889	2.747349
1686	-1310.978	-1526.993	216.0152	0.9240777	3.122212
1692	-1311.021	-1525.139	214.1182	0.6196263	4.393745
1698	-1303.128	-1519.018	215.8896	1.117638	3.08171
1704	-1309.287	-1525.282	215.9955	1.011724	3.08171
1710	-1298.956	-1514.06	215.1038	0.7835887	3.738179
1716	-1307.325	-1522.071	214.7459	0.6769278	4.004929
1722	-1307.937	-1523.062	215.1257	0.8076006	3.71165
1728	-1313.437	-1528.745	215.308	0.6253107	3.71165
1734	-1311.61	-1526.63	215.0201	0.8152458	3.768206
1740	-1310.327	-1526.732	216.4051	0.8272109	2.946775
1746	-1306.253	-1521.729	215.476	0.9417552	3.429975
1752	-1300.68	-1514.694	214.0134	0.6583198	4.431005
1758	-1299.832	-1514.258	214.4253	0.7102725	4.168551
1764	-1305.594	-1520.105	214.5107	0.6552252	4.151289
1770	-1309.242	-1524.093	214.8512	0.7565786	3.899039
1776	-1306.38	-1522.001	215.621	0.7261485	3.471267
1782	-1303.985	-1518.551	214.5658	0.7774106	4.050371
1788	-1308.758	-1523.803	215.0455	0.6445486	3.851788
1794	-1314.907	-1530.514	215.6068	0.7546242	3.462906
1800	-1305.662	-1521.25	215.5879	0.8439516	3.421708
1806	-1313.736	-1529.859	216.1236	0.9149201	3.062999
1812	-1294.681	-1510.401	215.7201	0.8116425	3.363138
1818	-1302.799	-1518.61	215.8112	0.9008923	3.256922
1824	-1316.818	-1533.462	216.6438	1.019221	2.684895
1830	-1309.651	-1525.182	215.5315	0.7705716	3.497569
1836	-1308.265	-1524.792	216.5269	0.7991666	2.890199
1842	-1305.092	-1520.037	214.9459	0.7054034	3.874069
1848	-1294.222	-1509.883	215.6608	0.8471576	3.377103
1854	-1295.074	-1511.299	216.2245	0.7986877	3.072138
1860	-1302.154	-1517.083	214.9284	0.7519712	3.857373
1866	-1302.929	-1517.384	214.4554	0.6748716	4.171555
1872	-1300.947	-1516.228	215.2808	0.9127328	3.560809
1878	-1301.89	-1517.214	215.3237	0.8697842	3.560809
1884	-1306.267	-1520.391	214.1243	0.7280624	4.329052
1890	-1311.488	-1527.704	216.2163	0.8943088	3.019891
1896	-1306.504	-1522.283	215.7793	1.036167	3.195711
1902	-1300.02	-1515.837	215.8167	0.8132824	3.305362
1908	-1296.113	-1510.939	214.826	0.924688	3.816967
1914	-1292.048	-1507.858	215.8096	0.8354815	3.296414
1920	-1302.466	-1517.624	215.1583	0.8503789	3.66808
1926	-1305.06	-1519.036	213.976	0.6242067	4.471293
1932	-1312.765	-1525.73	212.9656	0.5424629	5.081292
1938	-1314.897	-1530.212	215.3152	0.6809204	3.675332
1944	-1314.607	-1529.801	215.1941	0.8020296	3.675332
1950	-1317.395	-1531.325	213.9297	0.7139506	4.44684
1956	-1325.742	-1540.941	215.1987	0.5139856	3.838799
1962	-1319.227	-1532.966	213.7386	0.5152016	4.665808
1968	-1307.6	-1521.857	214.2574	0.5575779	4.350169
1974	-1337.006	-1552.207	215.2009	0.7501166	3.701401
1980	-1314.434	-1529.544	215.1097	0.8185501	3.714543
1986	-1310.238	-1526.304	216.066	0.7730608	3.181727
1992	-1326.356	-1541.675	215.3189	0.6972602	3.663726
1998	-1323.061	-1538.946	215.885	0.9393598	3.190455
2004	-1320.738	-1536.513	215.7751	0.8837161	3.288372
2010	-1318.739	-1534.788	216.049	0.9719134	3.073486
2016	-1314.718	-1530.258	215.5402	0.7213202	3.521206
2022	-1313.024	-1528.137	215.1134	0.7679878	3.741605
2028	-1312.954	-1527.581	214.6269	0.7647724	4.022715
2034	-1319.817	-1533.756	213.9383	0.927428	4.321497
2040	-1306.73	-1521.955	215.2256	0.8804321	3.611645
2046	-1312.491	-1527.824	215.3329	0.7950429	3.59888
2052	-1314.658	-1530.02	215.3618	0.7544441	3.605671
2058	-1312.397	-1526.927	214.5296	0.7660884	4.077441
2064	-1304.201	-1519.681	215.4807	0.9511754	3.421704
2070	-1308.121	-1523.853	215.7321	0.7942419	3.366277
2076	-1302.733	-1518.057	215.3233	0.8029261	3.599917
2082	-1308.385	-1522.651	214.266	0.7628906	4.229094
2088	-1308.028	-1522.027	213.9996	0.7491556	4.387548
2094	-1310.833	-1524.371	213.5379	0.7631669	4.639313
2100	-1322.639	-1536.735	214.096	0.792823	4.308453
2106	-1313.519	-1527.926	214.4065	0.7274956	4.169454
2112	-1308.063	-1522.754	214.691	0.7274956	4.007402
2118	-1309.875	-1524.529	214.6546	0.6613092	4.06593
2124	-1305.668	-1519.553	213.8851	0.7120192	4.47305
2130	-1308.322	-1523.153	214.8308	0.6437363	3.975367
2136	-1306.494	-1521.605	215.1108	0.7252129	3.767779
2142	-1322.389	-1539.104	216.7155	1.064705	2.612633
2148	-1324.996	-1541.154	216.1576	1.123792	2.917197
2154	-1323.591	-1538.837	215.2459	0.8825632	3.598604
2160	-1330.817	-1547.844	217.0274	1.110579	2.389025
2166	-1320.764	-1537.77	217.0062	1.058941	2.434948
2172	-1302.038	-1516.203	214.1648	0.6907471	4.327266
2178	-1302.648	-1517.71	215.0621	0.8323188	3.734109
2184	-1301.479	-1516.707	215.2282	0.9427764	3.573884
2190	-1320.72	-1535.412	214.6923	0.6489879	4.051468
2196	-1307.419	-1522.867	215.4482	0.9004083	3.470379
2202	-1309.819	-1526.24	216.4208	0.9111537	2.886638
2208	-1314.872	-1530.863	215.9915	0.7378412	3.246724
2214	-1306.219	-1521.668	215.4488	0.6918522	3.59153
2220	-1321.026	-1535.42	214.394	0.6468905	4.222319
2226	-1314.635	-1529.23	214.5955	0.5320821	4.173104
2232	-1310.169	-1526.718	216.5492	0.8686054	2.834591
2238	-1303.054	-1518.178	215.1247	0.7579775	3.740888
2244	-1306.919	-1522.581	215.6614	0.8172516	3.394266
2250	-1308.281	-1524.356	216.075	0.7217149	3.20687
2256	-1303.351	-1517.916	214.5641	0.7057925	4.092173
2262	-1317.822	-1533.786	215.9643	1.085153	3.056491
2268	-1318.212	-1534.369	216.1571	0.8923129	3.056491
2274	-1303.925	-1518.13	214.2054	0.6110786	4.349351
2280	-1306.963	-1522.767	215.8042	0.8652311	3.282083
2286	-1311.192	-1526.488	215.296	0.8864362	3.567268
2292	-1306.974	-1521.867	214.8929	0.7817096	3.860685
2298	-1309.594	-1524.204	214.6102	0.7496512	4.04088
2304	-1310.675	-1525.803	215.1289	0.7382088	3.749886
2310	-1306.514	-1521.529	215.0154	0.6893379	3.843342
2316	-1302.536	-1518.672	216.136	0.8595158	3.088673
2322	-1298.038	-1514.469	216.4307	0.930004	2.869244
2328	-1293.229	-1509.176	215.9469	0.8126454	3.228846
2334	-1302.269	-1518.313	216.0439	0.715676	3.228846
2340	-1304.275	-1519.583	215.308	0.8003085	3.610303
2346	-1310.806	-1526.927	216.121	0.821945	3.119986
2352	-1305.23	-1520.693	215.4635	0.7017871	3.577208
2358	-1290.355	-1504.9	214.5449	0.6587859	4.129824
2364	-1292.826	-1508.366	215.5396	0.6968442	3.535809
2370	-1299.549	-1514.695	215.146	0.6839899	3.771274
2376	-1297.661	-1513.481	215.8199	0.8400373	3.287696
2382	-1293.313	-1508.874	215.5616	0.6274206	3.563426
2388	-1298.424	-1512.303	213.8787	0.6187862	4.529054
2394	-1303.557	-1517.168	213.6103	0.603809	4.688
2400	-1302.608	-1519.812	217.2034	1.25639	2.183018
2406	-1304.655	-1521.974	217.3193	1.01251	2.265568
2412	-1310.732	-1525.67	214.9375	0.7746833	3.839094
2418	-1310.413	-1525.827	215.4141	0.6198492	3.653427
2424	-1307.348	-1521.175	213.8276	0.6524703	4.538888
2430	-1301.993	-1516.815	214.8221	0.7690184	3.908611
2436	-1293.836	-1508.623	214.7876	0.8035149	3.908611
2442	-1290.261	-1506.231	215.9694	0.9109778	3.157235
2448	-1286.239	-1502.412	216.1726	1.021187	2.96994
2454	-1289.169	-1505.814	216.6451	1.038779	2.672073
2460	-1328.363	-1545.698	217.3354	0.9976	2.264828
2466	-1315.142	-1532.125	216.9828	1.146566	2.394469
2472	-1307.428	-1523.611	216.1834	1.082806	2.926336
2478	-1311.595	-1527.066	215.4715	0.8936199	3.460767
2484	-1310.487	-1524.838	214.3513	0.6331708	4.254316
2490	-1310.942	-1525.703	214.7611	0.8090938	3.920577
2496	-1305.046	-1521.45	216.404	0.9447515	2.876479
2502	-1300.32	-1516.543	216.2235	0.7980687	3.073146
2508	-1306.523	-1521.456	214.933	0.6890205	3.890893
2514	-1295.956	-1511.037	215.0803	0.5621574	3.879149
2520	-1293.88	-1508.16	214.2798	0.5621574	4.334958
2526	-1309.19	-1524.546	215.3561	0.6001663	3.698348
2532	-1305.02	-1521.378	216.3585	0.9689043	2.889369
2538	-1301.218	-1516.391	215.1736	0.727105	3.730477
2544	-1302.66	-1518.024	215.3649	0.6419732	3.669089
2550	-1304.148	-1519.755	215.6073	0.8808601	3.388698
2556	-1301.284	-1516.998	215.7139	0.8808601	3.3261
2562	-1297.454	-1513.204	215.7493	0.8470268	3.325162
2568	-1309.679	-1524.924	215.2448	0.8470268	3.619864
2574	-1300.268	-1515.995	215.7267	0.8470268	3.338444
2580	-1302.348	-1518.25	215.9011	0.9184322	3.193333
2586	-1298.05	-1513.391	215.3407	0.8085766	3.586539
2592	-1311.519	-1526.617	215.0979	1.123307	3.544662
2598	-1315.308	-1532.078	216.7695	0.9857494	2.628061
2604	-1304.058	-1519.751	215.6929	0.8125127	3.3786
2610	-1322.594	-1536.887	214.2927	0.6112903	4.299838
2616	-1335.071	-1548.673	213.602	0.84645	4.556643
2622	-1293.068	-1508.006	214.9381	0.6572565	3.90615
2628	-1301.254	-1516.029	214.7751	0.8057438	3.914477
2634	-1309.528	-1525.752	216.224	0.8552633	3.038612
2640	-1307.814	-1523.55	215.7355	0.9493214	3.272991
2646	-1315.403	-1531.518	216.1154	0.9493214	3.047312
2652	-1300.185	-1516.214	216.0283	0.8694253	3.146932
2658	-1308	-1524.074	216.0741	0.9403995	3.077322
2664	-1318.103	-1533.803	215.7	0.866079	3.342965
2670	-1327.31	-1540.594	213.2847	0.5512683	4.899118
2676	-1316.517	-1530.819	214.3019	0.7308879	4.226877
2682	-1302.558	-1517.676	215.1174	0.6753322	3.792737
2688	-1302.089	-1517.434	215.3449	0.6755441	3.661266
2694	-1309.723	-1525.64	215.9174	0.919991	3.182724
2700	-1305.766	-1520.93	215.1645	0.9052816	3.632625
2706	-1308.672	-1523.813	215.1408	0.7469081	3.738003
2712	-1329.602	-1544.711	215.1091	0.8077683	3.721133
2718	-1325.945	-1540.915	214.9693	0.6664542	3.882982
2724	-1317.672	-1532.529	214.8566	0.7662638	3.890402
2730	-1327.177	-1542.197	215.0203	0.830645	3.759211
2736	-1310.618	-1525.969	215.3506	0.7734445	3.601193
2742	-1312.135	-1526.765	214.6297	0.7250293	4.043783
2748	-1307.115	-1521.598	214.4835	0.7682847	4.102466
2754	-1312.579	-1527.601	215.0219	0.7260042	3.81853
2760	-1313.508	-1528.516	215.0082	0.6996596	3.841559
2766	-1308.836	-1524.904	216.0677	1.177792	2.938798
2772	-1309.113	-1525.792	216.6787	1.15261	2.581021
2778	-1314.892	-1531.217	216.3257	0.9135042	2.942634
2784	-1307.466	-1522.513	215.0473	0.7272997	3.803189
2790	-1300.454	-1514.341	213.8865	0.6363202	4.514815
2796	-1302.613	-1517.741	215.1282	0.8396727	3.691677
2802	-1310.837	-1526.019	215.1823	0.8807267	3.63655
2808	-1315.557	-1531.634	216.0767	0.8735152	3.115662
2814	-1317.51	-1532.908	215.3974	0.9463861	3.473209
2820	-1322.084	-1537.255	215.1711	0.7975548	3.691207
2826	-1314.73	-1529.928	215.1978	0.8640888	3.637202
2832	-1313.602	-1529.301	215.6991	0.8602864	3.346887
2838	-1320.479	-1535.258	214.7798	0.7914569	3.919978
2844	-1324.601	-1540.35	215.7486	0.9022765	3.293009
2850	-1319.064	-1534.913	215.8498	0.8010904	3.293009
2856	-1327.088	-1541.729	214.6406	0.6752318	4.065992
2862	-1323.39	-1538.167	214.7767	0.8754075	3.873573
2868	-1329.903	-1544.817	214.9138	0.6939119	3.89906
2874	-1307.522	-1522.36	214.8374	0.7595768	3.905213
2880	-1303.89	-1519.138	215.2486	0.848685	3.616696
2886	-1296.882	-1511.899	215.0171	0.64595	3.867312
2892	-1292.125	-1507.206	215.0803	0.6410946	3.833794
2898	-1290.338	-1506.619	216.2809	0.968773	2.936281
2904	-1320.71	-1534.996	214.2859	0.7036937	4.251365
2910	-1301.335	-1516.627	215.2921	0.9537338	3.530351
2916	-1310.964	-1526.093	215.1292	0.9786227	3.610587
2922	-1324.403	-1537.37	212.9671	0.7440563	4.968536
2928	-1329.695	-1545.165	215.4707	0.9498903	3.428294
2934	-1312.742	-1528.249	215.5071	0.8840435	3.445512
2940	-1306.794	-1522.271	215.4765	1.060193	3.360223
2946	-1301.41	-1517.067	215.657	0.8509445	3.377068
2952	-1309.568	-1525.888	216.3202	0.8789716	2.966699
2958	-1317.025	-1532.59	215.5651	0.9298213	3.384716
2964	-1306.48	-1521.711	215.2307	0.9455965	3.570789
2970	-1304.524	-1519.837	215.3131	0.8449945	3.581401
2976	-1305.363	-1521.263	215.8999	0.6638604	3.344334
2982	-1306.187	-1521.346	215.1592	0.771708	3.71302
2988	-1311.022	-1525.816	214.7937	0.7133225	3.956778
2994	-1306.611	-1520.5	213.8896	0.6146791	4.525281
3000	-1306.529	-1520.451	213.9217	0.5825851	4.525281
3006	-1299.983	-1513.055	213.072	0.5921821	4.994646
3012	-1295.942	-1510.729	214.7872	0.7336686	3.948861
3018	-1293.478	-1508.921	215.4428	0.747737	3.562553
3024	-1296.67	-1511.078	214.4083	0.7237744	4.170538
3030	-1303.267	-1518.539	215.2716	0.8542246	3.600158
3036	-1300.574	-1515.763	215.1886	0.7781226	3.69231
3042	-1299.59	-1513.038	213.4475	0.5503571	4.80888
3048	-1306.164	-1519.831	213.6669	0.6108799	4.652353
3054	-1306.538	-1519.916	213.3786	0.5527448	4.845965
3060	-1306.094	-1520.705	214.6107	0.6932025	4.072776
3066	-1292.436	-1507.603	215.1665	0.7592976	3.715999
3072	-1295.269	-1510.803	215.5339	0.6998436	3.537388
3078	-1287.144	-1503.369	216.2251	0.8228477	3.057376
3084	-1283.812	-1498.976	215.1641	0.8228477	3.680616
3090	-1295.236	-1511.564	216.3279	0.9040325	2.947014
3096	-1294.628	-1510.686	216.0586	0.9040325	3.108252
3102	-1302.98	-1519.568	216.5884	1.053322	2.697959
3108	-1305.792	-1522.433	216.6411	0.928589	2.742099
3114	-1316.105	-1532.421	216.3163	0.8402857	2.992261
3120	-1319.89	-1536.898	217.008	0.936061	2.510863
3126	-1320.012	-1536.666	216.6537	0.8682189	2.771272
3132	-1320.809	-1534.991	214.1821	0.8262762	4.240718
3138	-1320.824	-1535.961	215.1367	0.6050102	3.822084
3144	-1331.283	-1545.397	214.1141	0.6138787	4.399281
3150	-1317.961	-1534.761	216.8004	0.9782031	2.613641
3156	-1312.631	-1529.431	216.8004	0.9782031	2.613641
3162	-1305.41	-1520.892	215.4824	0.7981748	3.510073
3168	-1303.165	-1517.95	214.785	0.7975661	3.91347
3174	-1306.271	-1520.361	214.0902	0.5834834	4.429894
3180	-1305.9	-1521.408	215.5075	0.6632493	3.574021
3186	-1301.123	-1515.759	214.6364	0.5372236	4.146913
3192	-1296.292	-1511.408	215.1163	0.8930664	3.667642
3198	-1301.281	-1516.874	215.5927	0.8297693	3.427169
3204	-1312.054	-1526.761	214.7065	0.4777239	4.140905
3210	-1291.508	-1507.189	215.6811	0.8878144	3.341286
3216	-1282.607	-1498.079	215.4718	0.9808552	3.409512
3222	-1282.2	-1497.926	215.7265	0.930501	3.289433
3228	-1296.002	-1512.33	216.3283	0.9716473	2.905959
3234	-1314.118	-1530.86	216.7426	1.035074	2.614234
3240	-1316.73	-1533.397	216.6669	0.9574392	2.708595
3246	-1319.299	-1535.214	215.9151	0.9067328	3.191979
3252	-1323.324	-1538.956	215.6312	0.956258	3.330388
3258	-1317.605	-1532.953	215.3482	0.7465462	3.618154
3264	-1312.862	-1529.467	216.6057	0.8471852	2.813271
3270	-1297.217	-1512.897	215.6806	0.8160164	3.383726
3276	-1293.207	-1509.627	216.4206	1.019412	2.821094
3282	-1294.612	-1510.925	216.3133	1.014949	2.888871
3288	-1286.774	-1502.859	216.0847	0.8996002	3.095351
3294	-1285.901	-1502.509	216.608	1.146125	2.628777
3300	-1283.612	-1500.443	216.8311	1.092051	2.523884
3306	-1287.05	-1504.373	217.3222	1.178503	2.156452
3312	-1283.083	-1499.945	216.8624	1.05933	2.524786
3318	-1288.248	-1505.234	216.9861	0.9277696	2.529687
3324	-1288.555	-1503.5	214.9447	0.7546728	3.846439
3330	-1292.894	-1508.83	215.9357	0.8989877	3.184344
3336	-1299.294	-1514.113	214.8185	0.8122034	3.88588
3342	-1301.16	-1515.882	214.7222	0.7798377	3.959643
3348	-1300.281	-1516.181	215.9002	0.9500601	3.175122
3354	-1298.468	-1514.261	215.7931	0.7840113	3.336438
3360	-1287.431	-1504.226	216.7959	1.159411	2.503816
3366	-1287.362	-1503.727	216.3654	0.9648119	2.88766
3372	-1292.995	-1509.949	216.9539	1.307367	2.310675
3378	-1294.705	-1512.126	217.4208	1.069793	2.163019
3384	-1292.441	-1509.847	217.4054	1.069793	2.173032
3390	-1295.639	-1512.605	216.9663	1.338479	2.282875
3396	-1289.732	-1505.374	215.6425	0.8709056	3.373886
3402	-1292.293	-1507.514	215.2214	0.7278223	3.70244
3408	-1285.7	-1500.313	214.6131	0.7639352	4.03107
3414	-1304.038	-1517.772	213.7334	0.8349486	4.489244
3420	-1301.916	-1518.14	216.2238	0.6797829	3.143422
3426	-1297.998	-1514.222	216.2238	0.6797829	3.143422
3432	-1314.559	-1529.946	215.3875	0.8878836	3.513138
3438	-1316.443	-1531.932	215.4884	0.8481562	3.477438
3444	-1287.937	-1503.875	215.9378	0.850548	3.211792
3450	-1288.575	-1504.397	215.8219	0.9664307	3.211792
3456	-1290.43	-1506.934	216.5033	0.9581551	2.808102
3462	-1296.326	-1513.705	217.3794	1.006408	2.230869
3468	-1299.824	-1516.618	216.7946	1.066577	2.562469
3474	-1301.709	-1517.829	216.1198	0.9659099	3.034766
3480	-1298.952	-1515.109	216.1566	0.9291643	3.034766
3486	-1301.508	-1517.574	216.0663	0.7596764	3.189505
3492	-1299.663	-1514.534	214.8711	0.8681153	3.823544
3498	-1300.586	-1516.522	215.9364	0.8757915	3.197667
3504	-1307.957	-1523.591	215.6337	0.8373478	3.398721
3510	-1320.2	-1536.161	215.9614	0.8196519	3.21612
3516	-1308.985	-1524.632	215.6468	1.055875	3.262488
3522	-1297.961	-1514.86	216.8995	1.042481	2.512141
3528	-1296.009	-1512.146	216.1368	0.9983039	3.005154
3534	-1294.42	-1511.105	216.6851	1.035047	2.649731
3540	-1305.625	-1520.826	215.2011	0.9263672	3.599206
3546	-1297.193	-1512.963	215.7703	0.7604369	3.363743
3552	-1292.935	-1509.798	216.8635	1.016249	2.550882
3558	-1305.731	-1521.24	215.5081	1.150288	3.288569
3564	-1301.247	-1518.197	216.9498	1.154442	2.41031
3570	-1297.118	-1512.706	215.5885	0.8798227	3.400335
3576	-1297.334	-1512.491	215.1569	0.8798227	3.651829
3582	-1296.202	-1511.796	215.5948	0.8425243	3.418505
3588	-1303.199	-1518.7	215.5009	0.7916613	3.503116
3594	-1299.588	-1515.312	215.724	0.8016659	3.366672
3600	-1288.33	-1504.033	215.7023	0.8731601	3.337442
3606	-1300.266	-1515.722	215.4567	0.9012029	3.464941
3612	-1297.58	-1512.771	215.191	0.8539952	3.647012
3618	-1302.379	-1517.971	215.5917	1.002592	3.32638
3624	-1297.795	-1514.519	216.7237	1.091226	2.591165
3630	-1299.639	-1515.649	216.0104	1.076843	3.033835
3636	-1296.268	-1511.116	214.8488	0.6812385	3.943601
3642	-1312.373	-1528.63	216.2578	0.9847776	2.940548
3648	-1308.469	-1524.201	215.7313	0.9700716	3.263242
3654	-1300.446	-1515.115	214.6691	0.5551617	4.118136
3660	-1298.32	-1513.718	215.3978	0.5712953	3.690951
3666	-1299.576	-1514.341	214.7658	0.7451095	3.954531
3672	-1307.81	-1523.504	215.6937	0.8937611	3.330347
3678	-1320.088	-1535.241	215.153	0.8616717	3.664571
3684	-1304.565	-1520.765	216.2006	0.9782903	2.978902
3690	-1298.852	-1513.957	215.1051	0.9782903	3.624777
3696	-1300.928	-1516.74	215.8113	0.9463391	3.229969
3702	-1303.621	-1518.295	214.674	0.9318147	3.900162
3708	-1310.36	-1525.421	215.0613	0.6251284	3.853905
3714	-1293.795	-1508.829	215.034	0.6783105	3.838986
3720	-1290.887	-1506.299	215.4122	0.8045828	3.547252
3726	-1298.966	-1514.913	215.9465	0.8045828	3.233877
3732	-1285.095	-1501.061	215.9659	0.888662	3.172529
3738	-1285.421	-1499.984	214.5624	0.8275118	4.023719
3744	-1293.519	-1509.137	215.6182	0.6765376	3.501837
3750	-1292.786	-1506.397	213.6112	0.6765376	4.646757
3756	-1291.816	-1506.48	214.6638	0.8416904	3.957659
3762	-1296.032	-1511.06	215.0284	0.7978857	3.773435
3768	-1309.065	-1524.084	215.0197	0.806554	3.773435
3774	-1312.34	-1526.934	214.5939	0.806554	4.017659
3780	-1297.229	-1511.739	214.5106	0.8027523	4.067409
3786	-1290.494	-1504.717	214.2227	0.7677796	4.250906
3792	-1290.371	-1506.277	215.9055	0.9748163	3.157264
3798	-1302.553	-1518.865	216.3119	0.9748163	2.913969
3804	-1296.473	-1511.717	215.2437	0.9096482	3.584166
3810	-1303.134	-1517.987	214.853	0.8684379	3.833764
3816	-1304.831	-1519.993	215.1622	0.8602536	3.660057
3822	-1302.768	-1518.611	215.8432	0.8668089	3.258121
3828	-1291.375	-1506.199	214.8243	0.7647611	3.90975
3834	-1299.29	-1516.892	217.6023	1.315416	1.87907
3840	-1295.92	-1510.873	214.9528	0.8017867	3.814687
3846	-1301.593	-1517.066	215.4736	0.7511713	3.542632
3852	-1302.777	-1518.902	216.1245	1.061819	2.974432
3858	-1307.281	-1523.406	216.1245	1.061819	2.974432
3864	-1309.7	-1526.833	217.1328	1.170883	2.283619
3870	-1316.973	-1534.402	217.4294	1.170883	2.091311
3876	-1310.382	-1527.77	217.3882	1.359287	1.993856
3882	-1309.175	-1525.311	216.1352	0.8007072	3.124225
3888	-1305.438	-1520.395	214.9563	0.8194822	3.802477
3894	-1304.036	-1519.675	215.639	1.057256	3.266275
3900	-1307.365	-1521.884	214.5197	0.7415931	4.097035
3906	-1314.293	-1528.83	214.5367	0.7245842	4.097035
